  Client.cpp
D:\dev\Materialscanner\materialscanner-controller\MaterialscannerCLI\MaterialscannerCLI\Client.h(3,10): warning C4067: Unerwartete Token nach Präprozessordirektive - Zeilenvorschub erwartet.
D:\dev\Materialscanner\lib\mqtt\paho-cpp\include\mqtt\client.h(71,8): warning C4834: Der Rückgabewert einer Funktion mit dem "nodiscard"-Attribut wird verworfen.
D:\dev\Materialscanner\lib\mqtt\paho-cpp\include\mqtt\client.h(74,8): warning C4834: Der Rückgabewert einer Funktion mit dem "nodiscard"-Attribut wird verworfen.
D:\dev\Materialscanner\lib\mqtt\paho-cpp\include\mqtt\client.h(81,8): warning C4834: Der Rückgabewert einer Funktion mit dem "nodiscard"-Attribut wird verworfen.
  Bibliotheken werden durchsucht.
      Durchsuchen von C:\Program Files (x86)\Windows Kits\10\lib\10.0.18362.0\um\x86\kernel32.lib:
      Durchsuchen von C:\Program Files (x86)\Windows Kits\10\lib\10.0.18362.0\um\x86\user32.lib:
      Durchsuchen von C:\Program Files (x86)\Windows Kits\10\lib\10.0.18362.0\um\x86\gdi32.lib:
      Durchsuchen von C:\Program Files (x86)\Windows Kits\10\lib\10.0.18362.0\um\x86\winspool.lib:
      Durchsuchen von C:\Program Files (x86)\Windows Kits\10\lib\10.0.18362.0\um\x86\comdlg32.lib:
      Durchsuchen von C:\Program Files (x86)\Windows Kits\10\lib\10.0.18362.0\um\x86\advapi32.lib:
      Durchsuchen von C:\Program Files (x86)\Windows Kits\10\lib\10.0.18362.0\um\x86\shell32.lib:
      Durchsuchen von C:\Program Files (x86)\Windows Kits\10\lib\10.0.18362.0\um\x86\ole32.lib:
      Durchsuchen von C:\Program Files (x86)\Windows Kits\10\lib\10.0.18362.0\um\x86\oleaut32.lib:
      Durchsuchen von C:\Program Files (x86)\Windows Kits\10\lib\10.0.18362.0\um\x86\uuid.lib:
      Durchsuchen von C:\Program Files (x86)\Windows Kits\10\lib\10.0.18362.0\um\x86\odbc32.lib:
      Durchsuchen von C:\Program Files (x86)\Windows Kits\10\lib\10.0.18362.0\um\x86\odbccp32.lib:
      Durchsuchen von D:\dev\Materialscanner\lib\mqtt\paho-cpp\lib\paho-mqttpp3.lib:
      Durchsuchen von D:\dev\Materialscanner\lib\mqtt\paho-c\lib\paho-mqtt3a.lib:
      Durchsuchen von C:\Program Files (x86)\Microsoft Visual Studio\2019\Community\VC\Tools\MSVC\14.29.30133\lib\x86\msvcprtd.lib:
      Durchsuchen von C:\Program Files (x86)\Microsoft Visual Studio\2019\Community\VC\Tools\MSVC\14.29.30133\lib\x86\MSVCRTD.lib:
      Durchsuchen von C:\Program Files (x86)\Microsoft Visual Studio\2019\Community\VC\Tools\MSVC\14.29.30133\lib\x86\OLDNAMES.lib:
      Durchsuchen von C:\Program Files (x86)\Microsoft Visual Studio\2019\Community\VC\Tools\MSVC\14.29.30133\lib\x86\vcruntimed.lib:
      Durchsuchen von C:\Program Files (x86)\Windows Kits\10\lib\10.0.18362.0\ucrt\x86\ucrtd.lib:
      Durchsuchen von C:\Program Files (x86)\Windows Kits\10\lib\10.0.18362.0\um\x86\kernel32.lib:
      Durchsuchen von C:\Program Files (x86)\Windows Kits\10\lib\10.0.18362.0\um\x86\user32.lib:
      Durchsuchen von C:\Program Files (x86)\Windows Kits\10\lib\10.0.18362.0\um\x86\gdi32.lib:
      Durchsuchen von C:\Program Files (x86)\Windows Kits\10\lib\10.0.18362.0\um\x86\winspool.lib:
      Durchsuchen von C:\Program Files (x86)\Windows Kits\10\lib\10.0.18362.0\um\x86\comdlg32.lib:
      Durchsuchen von C:\Program Files (x86)\Windows Kits\10\lib\10.0.18362.0\um\x86\advapi32.lib:
      Durchsuchen von C:\Program Files (x86)\Windows Kits\10\lib\10.0.18362.0\um\x86\shell32.lib:
      Durchsuchen von C:\Program Files (x86)\Windows Kits\10\lib\10.0.18362.0\um\x86\ole32.lib:
      Durchsuchen von C:\Program Files (x86)\Windows Kits\10\lib\10.0.18362.0\um\x86\oleaut32.lib:
      Durchsuchen von C:\Program Files (x86)\Windows Kits\10\lib\10.0.18362.0\um\x86\uuid.lib:
      Durchsuchen von C:\Program Files (x86)\Windows Kits\10\lib\10.0.18362.0\um\x86\odbc32.lib:
      Durchsuchen von C:\Program Files (x86)\Windows Kits\10\lib\10.0.18362.0\um\x86\odbccp32.lib:
      Durchsuchen von D:\dev\Materialscanner\lib\mqtt\paho-cpp\lib\paho-mqttpp3.lib:
      Durchsuchen von D:\dev\Materialscanner\lib\mqtt\paho-c\lib\paho-mqtt3a.lib:
      Durchsuchen von C:\Program Files (x86)\Microsoft Visual Studio\2019\Community\VC\Tools\MSVC\14.29.30133\lib\x86\msvcprtd.lib:
      Durchsuchen von C:\Program Files (x86)\Microsoft Visual Studio\2019\Community\VC\Tools\MSVC\14.29.30133\lib\x86\MSVCRTD.lib:
      Durchsuchen von C:\Program Files (x86)\Microsoft Visual Studio\2019\Community\VC\Tools\MSVC\14.29.30133\lib\x86\OLDNAMES.lib:
      Durchsuchen von C:\Program Files (x86)\Microsoft Visual Studio\2019\Community\VC\Tools\MSVC\14.29.30133\lib\x86\vcruntimed.lib:
      Durchsuchen von C:\Program Files (x86)\Windows Kits\10\lib\10.0.18362.0\ucrt\x86\ucrtd.lib:
  Durchsuchen der Bibliotheken abgeschlossen.
  Bibliotheken werden durchsucht.
      Durchsuchen von C:\Program Files (x86)\Windows Kits\10\lib\10.0.18362.0\um\x86\kernel32.lib:
      Durchsuchen von C:\Program Files (x86)\Windows Kits\10\lib\10.0.18362.0\um\x86\user32.lib:
      Durchsuchen von C:\Program Files (x86)\Windows Kits\10\lib\10.0.18362.0\um\x86\gdi32.lib:
      Durchsuchen von C:\Program Files (x86)\Windows Kits\10\lib\10.0.18362.0\um\x86\winspool.lib:
      Durchsuchen von C:\Program Files (x86)\Windows Kits\10\lib\10.0.18362.0\um\x86\comdlg32.lib:
      Durchsuchen von C:\Program Files (x86)\Windows Kits\10\lib\10.0.18362.0\um\x86\advapi32.lib:
      Durchsuchen von C:\Program Files (x86)\Windows Kits\10\lib\10.0.18362.0\um\x86\shell32.lib:
      Durchsuchen von C:\Program Files (x86)\Windows Kits\10\lib\10.0.18362.0\um\x86\ole32.lib:
      Durchsuchen von C:\Program Files (x86)\Windows Kits\10\lib\10.0.18362.0\um\x86\oleaut32.lib:
      Durchsuchen von C:\Program Files (x86)\Windows Kits\10\lib\10.0.18362.0\um\x86\uuid.lib:
      Durchsuchen von C:\Program Files (x86)\Windows Kits\10\lib\10.0.18362.0\um\x86\odbc32.lib:
      Durchsuchen von C:\Program Files (x86)\Windows Kits\10\lib\10.0.18362.0\um\x86\odbccp32.lib:
      Durchsuchen von D:\dev\Materialscanner\lib\mqtt\paho-cpp\lib\paho-mqttpp3.lib:
      Durchsuchen von D:\dev\Materialscanner\lib\mqtt\paho-c\lib\paho-mqtt3a.lib:
      Durchsuchen von C:\Program Files (x86)\Microsoft Visual Studio\2019\Community\VC\Tools\MSVC\14.29.30133\lib\x86\msvcprtd.lib:
      Durchsuchen von C:\Program Files (x86)\Microsoft Visual Studio\2019\Community\VC\Tools\MSVC\14.29.30133\lib\x86\MSVCRTD.lib:
      Durchsuchen von C:\Program Files (x86)\Microsoft Visual Studio\2019\Community\VC\Tools\MSVC\14.29.30133\lib\x86\OLDNAMES.lib:
      Durchsuchen von C:\Program Files (x86)\Microsoft Visual Studio\2019\Community\VC\Tools\MSVC\14.29.30133\lib\x86\vcruntimed.lib:
      Durchsuchen von C:\Program Files (x86)\Windows Kits\10\lib\10.0.18362.0\ucrt\x86\ucrtd.lib:
  Durchsuchen der Bibliotheken abgeschlossen.
  Bibliotheken werden durchsucht.
      Durchsuchen von C:\Program Files (x86)\Windows Kits\10\lib\10.0.18362.0\um\x86\kernel32.lib:
      Durchsuchen von C:\Program Files (x86)\Windows Kits\10\lib\10.0.18362.0\um\x86\user32.lib:
      Durchsuchen von C:\Program Files (x86)\Windows Kits\10\lib\10.0.18362.0\um\x86\gdi32.lib:
      Durchsuchen von C:\Program Files (x86)\Windows Kits\10\lib\10.0.18362.0\um\x86\winspool.lib:
      Durchsuchen von C:\Program Files (x86)\Windows Kits\10\lib\10.0.18362.0\um\x86\comdlg32.lib:
      Durchsuchen von C:\Program Files (x86)\Windows Kits\10\lib\10.0.18362.0\um\x86\advapi32.lib:
      Durchsuchen von C:\Program Files (x86)\Windows Kits\10\lib\10.0.18362.0\um\x86\shell32.lib:
      Durchsuchen von C:\Program Files (x86)\Windows Kits\10\lib\10.0.18362.0\um\x86\ole32.lib:
      Durchsuchen von C:\Program Files (x86)\Windows Kits\10\lib\10.0.18362.0\um\x86\oleaut32.lib:
      Durchsuchen von C:\Program Files (x86)\Windows Kits\10\lib\10.0.18362.0\um\x86\uuid.lib:
      Durchsuchen von C:\Program Files (x86)\Windows Kits\10\lib\10.0.18362.0\um\x86\odbc32.lib:
      Durchsuchen von C:\Program Files (x86)\Windows Kits\10\lib\10.0.18362.0\um\x86\odbccp32.lib:
      Durchsuchen von D:\dev\Materialscanner\lib\mqtt\paho-cpp\lib\paho-mqttpp3.lib:
      Durchsuchen von D:\dev\Materialscanner\lib\mqtt\paho-c\lib\paho-mqtt3a.lib:
      Durchsuchen von C:\Program Files (x86)\Microsoft Visual Studio\2019\Community\VC\Tools\MSVC\14.29.30133\lib\x86\msvcprtd.lib:
      Durchsuchen von C:\Program Files (x86)\Microsoft Visual Studio\2019\Community\VC\Tools\MSVC\14.29.30133\lib\x86\MSVCRTD.lib:
      Durchsuchen von C:\Program Files (x86)\Microsoft Visual Studio\2019\Community\VC\Tools\MSVC\14.29.30133\lib\x86\OLDNAMES.lib:
      Durchsuchen von C:\Program Files (x86)\Microsoft Visual Studio\2019\Community\VC\Tools\MSVC\14.29.30133\lib\x86\vcruntimed.lib:
      Durchsuchen von C:\Program Files (x86)\Windows Kits\10\lib\10.0.18362.0\ucrt\x86\ucrtd.lib:
  Durchsuchen der Bibliotheken abgeschlossen.
  Bibliotheken werden durchsucht.
      Durchsuchen von C:\Program Files (x86)\Windows Kits\10\lib\10.0.18362.0\um\x86\kernel32.lib:
      Durchsuchen von C:\Program Files (x86)\Windows Kits\10\lib\10.0.18362.0\um\x86\user32.lib:
      Durchsuchen von C:\Program Files (x86)\Windows Kits\10\lib\10.0.18362.0\um\x86\gdi32.lib:
      Durchsuchen von C:\Program Files (x86)\Windows Kits\10\lib\10.0.18362.0\um\x86\winspool.lib:
      Durchsuchen von C:\Program Files (x86)\Windows Kits\10\lib\10.0.18362.0\um\x86\comdlg32.lib:
      Durchsuchen von C:\Program Files (x86)\Windows Kits\10\lib\10.0.18362.0\um\x86\advapi32.lib:
      Durchsuchen von C:\Program Files (x86)\Windows Kits\10\lib\10.0.18362.0\um\x86\shell32.lib:
      Durchsuchen von C:\Program Files (x86)\Windows Kits\10\lib\10.0.18362.0\um\x86\ole32.lib:
      Durchsuchen von C:\Program Files (x86)\Windows Kits\10\lib\10.0.18362.0\um\x86\oleaut32.lib:
      Durchsuchen von C:\Program Files (x86)\Windows Kits\10\lib\10.0.18362.0\um\x86\uuid.lib:
      Durchsuchen von C:\Program Files (x86)\Windows Kits\10\lib\10.0.18362.0\um\x86\odbc32.lib:
      Durchsuchen von C:\Program Files (x86)\Windows Kits\10\lib\10.0.18362.0\um\x86\odbccp32.lib:
      Durchsuchen von D:\dev\Materialscanner\lib\mqtt\paho-cpp\lib\paho-mqttpp3.lib:
      Durchsuchen von D:\dev\Materialscanner\lib\mqtt\paho-c\lib\paho-mqtt3a.lib:
      Durchsuchen von C:\Program Files (x86)\Microsoft Visual Studio\2019\Community\VC\Tools\MSVC\14.29.30133\lib\x86\msvcprtd.lib:
      Durchsuchen von C:\Program Files (x86)\Microsoft Visual Studio\2019\Community\VC\Tools\MSVC\14.29.30133\lib\x86\MSVCRTD.lib:
      Durchsuchen von C:\Program Files (x86)\Microsoft Visual Studio\2019\Community\VC\Tools\MSVC\14.29.30133\lib\x86\OLDNAMES.lib:
      Durchsuchen von C:\Program Files (x86)\Microsoft Visual Studio\2019\Community\VC\Tools\MSVC\14.29.30133\lib\x86\vcruntimed.lib:
      Durchsuchen von C:\Program Files (x86)\Windows Kits\10\lib\10.0.18362.0\ucrt\x86\ucrtd.lib:
  Durchsuchen der Bibliotheken abgeschlossen.
  Bibliotheken werden durchsucht.
      Durchsuchen von C:\Program Files (x86)\Windows Kits\10\lib\10.0.18362.0\um\x86\kernel32.lib:
      Durchsuchen von C:\Program Files (x86)\Windows Kits\10\lib\10.0.18362.0\um\x86\user32.lib:
      Durchsuchen von C:\Program Files (x86)\Windows Kits\10\lib\10.0.18362.0\um\x86\gdi32.lib:
      Durchsuchen von C:\Program Files (x86)\Windows Kits\10\lib\10.0.18362.0\um\x86\winspool.lib:
      Durchsuchen von C:\Program Files (x86)\Windows Kits\10\lib\10.0.18362.0\um\x86\comdlg32.lib:
      Durchsuchen von C:\Program Files (x86)\Windows Kits\10\lib\10.0.18362.0\um\x86\advapi32.lib:
      Durchsuchen von C:\Program Files (x86)\Windows Kits\10\lib\10.0.18362.0\um\x86\shell32.lib:
      Durchsuchen von C:\Program Files (x86)\Windows Kits\10\lib\10.0.18362.0\um\x86\ole32.lib:
      Durchsuchen von C:\Program Files (x86)\Windows Kits\10\lib\10.0.18362.0\um\x86\oleaut32.lib:
      Durchsuchen von C:\Program Files (x86)\Windows Kits\10\lib\10.0.18362.0\um\x86\uuid.lib:
      Durchsuchen von C:\Program Files (x86)\Windows Kits\10\lib\10.0.18362.0\um\x86\odbc32.lib:
      Durchsuchen von C:\Program Files (x86)\Windows Kits\10\lib\10.0.18362.0\um\x86\odbccp32.lib:
      Durchsuchen von D:\dev\Materialscanner\lib\mqtt\paho-cpp\lib\paho-mqttpp3.lib:
      Durchsuchen von D:\dev\Materialscanner\lib\mqtt\paho-c\lib\paho-mqtt3a.lib:
      Durchsuchen von C:\Program Files (x86)\Microsoft Visual Studio\2019\Community\VC\Tools\MSVC\14.29.30133\lib\x86\msvcprtd.lib:
      Durchsuchen von C:\Program Files (x86)\Microsoft Visual Studio\2019\Community\VC\Tools\MSVC\14.29.30133\lib\x86\MSVCRTD.lib:
      Durchsuchen von C:\Program Files (x86)\Microsoft Visual Studio\2019\Community\VC\Tools\MSVC\14.29.30133\lib\x86\OLDNAMES.lib:
      Durchsuchen von C:\Program Files (x86)\Microsoft Visual Studio\2019\Community\VC\Tools\MSVC\14.29.30133\lib\x86\vcruntimed.lib:
      Durchsuchen von C:\Program Files (x86)\Windows Kits\10\lib\10.0.18362.0\ucrt\x86\ucrtd.lib:
  Durchsuchen der Bibliotheken abgeschlossen.
Client.obj : error LNK2019: Verweis auf nicht aufgelöstes externes Symbol "_MQTTProperties_free" in Funktion ""public: __thiscall mqtt::properties::~properties(void)" (??1properties@mqtt@@QAE@XZ)".
Client.obj : error LNK2019: Verweis auf nicht aufgelöstes externes Symbol "_MQTTReasonCode_toString" in Funktion ""public: static class std::basic_string<char,struct std::char_traits<char>,class std::allocator<char> > __cdecl mqtt::exception::reason_code_str(int)" (?reason_code_str@exception@mqtt@@SA?AV?$basic_string@DU?$char_traits@D@std@@V?$allocator@D@2@@std@@H@Z)".
Client.obj : error LNK2019: Verweis auf nicht aufgelöstes externes Symbol ""public: __thiscall mqtt::message::message(class mqtt::buffer_ref<char>,class mqtt::buffer_ref<char>,int,bool,class mqtt::properties const &)" (??0message@mqtt@@QAE@V?$buffer_ref@D@1@0H_NABVproperties@1@@Z)" in Funktion ""void __cdecl std::_Construct_in_place<class mqtt::message,class mqtt::buffer_ref<char>,class mqtt::buffer_ref<char>,int const &,bool const &>(class mqtt::message &,class mqtt::buffer_ref<char> &&,class mqtt::buffer_ref<char> &&,int const &,bool const &)" (??$_Construct_in_place@Vmessage@mqtt@@V?$buffer_ref@D@2@V32@ABHAB_N@std@@YAXAAVmessage@mqtt@@$$QAV?$buffer_ref@D@2@1ABHAB_N@Z)".
Client.obj : error LNK2001: Nicht aufgelöstes externes Symbol ""public: virtual void __thiscall UserCallBack::connection_lost(class std::basic_string<char,struct std::char_traits<char>,class std::allocator<char> > const &)" (?connection_lost@UserCallBack@@UAEXABV?$basic_string@DU?$char_traits@D@std@@V?$allocator@D@2@@std@@@Z)".
Client.obj : error LNK2001: Nicht aufgelöstes externes Symbol ""public: virtual void __thiscall UserCallBack::delivery_complete(class std::shared_ptr<class mqtt::delivery_token>)" (?delivery_complete@UserCallBack@@UAEXV?$shared_ptr@Vdelivery_token@mqtt@@@std@@@Z)".
D:\dev\Materialscanner\lib\mqtt\paho-cpp\lib\paho-mqttpp3.lib : warning LNK4272: Bibliothekcomputertyp "x64" steht in Konflikt mit dem Zielcomputertyp "x86"
D:\dev\Materialscanner\lib\mqtt\paho-c\lib\paho-mqtt3a.lib : warning LNK4272: Bibliothekcomputertyp "x64" steht in Konflikt mit dem Zielcomputertyp "x86"
D:\dev\Materialscanner\materialscanner-controller\MaterialscannerCLI\Debug\MaterialscannerCLI.exe : fatal error LNK1120: 5 nicht aufgelöste Externe
